0 info it worked if it ends with ok
1 verbose cli [ 'node', '/usr/local/bin/npm', 'install', '--save', 'node-easel' ]
2 info using npm@2.1.2
3 info using node@v0.10.32
4 verbose node symlink /usr/local/bin/node
5 warn package.json diaspora@0.0.1 No repository field.
6 warn package.json diaspora@0.0.1 No README data
7 silly cache add args [ 'node-easel', null ]
8 verbose cache add spec node-easel
9 silly cache add parsed spec { raw: 'node-easel',
9 silly cache add   scope: null,
9 silly cache add   name: 'node-easel',
9 silly cache add   rawSpec: '',
9 silly cache add   spec: '*',
9 silly cache add   type: 'range' }
10 silly addNonLocal parsed spec { raw: 'node-easel',
10 silly addNonLocal   scope: null,
10 silly addNonLocal   name: 'node-easel',
10 silly addNonLocal   rawSpec: '',
10 silly addNonLocal   spec: '*',
10 silly addNonLocal   type: 'range' }
11 verbose addNamed node-easel@*
12 silly addNamed semver.valid null
13 silly addNamed semver.validRange *
14 silly addNameRange { name: 'node-easel', range: '*', hasData: false }
15 verbose mapToRegistry name node-easel
16 verbose mapToRegistry uri https://registry.npmjs.org/node-easel
17 verbose request on initialization, where is /node-easel
18 verbose request after pass 1, where is /node-easel
19 verbose request url raw /node-easel
20 verbose request resolving registry [ 'https://registry.npmjs.org/', './node-easel' ]
21 verbose request after pass 2, where is https://registry.npmjs.org/node-easel
22 verbose request no auth needed
23 info attempt registry request try #1 at 00:10:42
24 verbose request id ddfa6bdd055f23ff
25 http request GET https://registry.npmjs.org/node-easel
26 http 200 https://registry.npmjs.org/node-easel
27 silly registry.get cb [ 200,
27 silly registry.get   { server: 'CouchDB/1.5.0 (Erlang OTP/R16B03)',
27 silly registry.get     etag: '"59UICKSTDD8ZYFAVTR07AP8S6"',
27 silly registry.get     'content-type': 'application/json',
27 silly registry.get     'cache-control': 'max-age=60',
27 silly registry.get     'content-length': '9213',
27 silly registry.get     'accept-ranges': 'bytes',
27 silly registry.get     date: 'Thu, 21 May 2015 04:10:41 GMT',
27 silly registry.get     via: '1.1 varnish',
27 silly registry.get     age: '0',
27 silly registry.get     connection: 'keep-alive',
27 silly registry.get     'x-served-by': 'cache-iad2122-IAD',
27 silly registry.get     'x-cache': 'MISS',
27 silly registry.get     'x-cache-hits': '0',
27 silly registry.get     'x-timer': 'S1432181441.535014,VS0,VE65',
27 silly registry.get     vary: 'Accept' } ]
28 silly addNameRange number 2 { name: 'node-easel', range: '*', hasData: true }
29 silly addNameRange versions [ 'node-easel', [ '0.1.0', '0.1.1', '0.1.2' ] ]
30 verbose addNamed node-easel@0.1.2
31 silly addNamed semver.valid 0.1.2
32 silly addNamed semver.validRange 0.1.2
33 verbose addRemoteTarball [ 'https://registry.npmjs.org/node-easel/-/node-easel-0.1.2.tgz',
33 verbose addRemoteTarball   'c236a1523cc2d6569a3d44b18fe89210158d7431' ]
34 info retry fetch attempt 1 at 00:10:42
35 info attempt registry request try #1 at 00:10:42
36 http fetch GET https://registry.npmjs.org/node-easel/-/node-easel-0.1.2.tgz
37 http fetch 200 https://registry.npmjs.org/node-easel/-/node-easel-0.1.2.tgz
38 silly fetchAndShaCheck shasum c236a1523cc2d6569a3d44b18fe89210158d7431
39 verbose addTmpTarball already have metadata; skipping unpack
40 silly install resolved [ { name: 'node-easel',
40 silly install resolved     description: 'node wrapper for EaselJS, utilizing node-canvas.',
40 silly install resolved     version: '0.1.2',
40 silly install resolved     author: { name: 'Wes Gorgichuk', email: 'wes@gskinner.com' },
40 silly install resolved     keywords:
40 silly install resolved      [ 'canvas',
40 silly install resolved        'graphic',
40 silly install resolved        'graphics',
40 silly install resolved        'vector',
40 silly install resolved        'image',
40 silly install resolved        'drawing',
40 silly install resolved        'images',
40 silly install resolved        'easel' ],
40 silly install resolved     homepage: 'https://github.com/wdamien/node-easel',
40 silly install resolved     repository: { type: 'git', url: 'git://github.com/wdamien/node-easel' },
40 silly install resolved     main: './src/node-easel.js',
40 silly install resolved     dependencies: { canvas: '1.x' },
40 silly install resolved     engines: { node: '>= 0.8.0 && < 1.0.0' },
40 silly install resolved     readme: '# node-easel\n\nnode-easel is a node wrapper for [EaselJS](https://github.com/CreateJS/EaselJS).\nFor use with [NodeJS](http://nodejs.org), built on-top of [node-canvas](https://github.com/LearnBoost/node-canvas)\n\n## Installation\n\n\t$ npm install node-easel\n\n**Note**\nCairo graphics is required to run node-easel && node-canvas.\nRead the install docs at https://github.com/LearnBoost/node-canvas, for full install instructions.\n\n## Examples\n\nTo see a full working demo, checkout the [examples](examples/) folder.\n\n\n## Simple Example\n\nnode-easel is completely polymorphic with EaselJS. A good starting point is to checkout the [EaselJS documentation](http://createjs.com/Docs/EaselJS/).\n\n```javascript\n//Import easel\nrequire(\'node-easel\');\nvar Stage = createjs.Stage;\nvar Shape = createjs.Shape;\nvar Graphics = createjs.Graphics;\n\nvar fs = require(\'fs\');\n\n//Create the canvas to draw to\nvar c = new Canvas(980, 580);\nvar ctx = c.getContext(\'2d\');\n\n//Create graphics object\nvar g = new createjs.Graphics();\nvar shape = new createjs.Shape(g);\n\n//Draw a circle\ng.setStrokeStyle(8)\n.beginStroke("#F0F")\n.beginRadialGradientFill(["#FF0","#00F"],[0,1],100,200,0,100,200,40)\n.drawCircle(100,200,40);\n\n//Add the item to our stage, and call .tick(); to draw the object.\nvar stage = new createjs.Stage(c);\nstage.addChild(shape);\nstage.tick();\n\n//Create a PNG file.\nfs.writeFile(__dirname + \'/public/circle.png\', c.toBuffer(), function() {\n\tcreatejs.Ticker.halt();\n});\n```\n',
40 silly install resolved     readmeFilename: 'README.md',
40 silly install resolved     bugs: { url: 'https://github.com/wdamien/node-easel/issues' },
40 silly install resolved     _id: 'node-easel@0.1.2',
40 silly install resolved     dist:
40 silly install resolved      { shasum: 'c236a1523cc2d6569a3d44b18fe89210158d7431',
40 silly install resolved        tarball: 'http://registry.npmjs.org/node-easel/-/node-easel-0.1.2.tgz' },
40 silly install resolved     _from: 'node-easel@*',
40 silly install resolved     _npmVersion: '1.3.14',
40 silly install resolved     _npmUser: { name: 'wdamien', email: 'wes@gskinner.com' },
40 silly install resolved     maintainers: [ [Object] ],
40 silly install resolved     directories: {},
40 silly install resolved     _shasum: 'c236a1523cc2d6569a3d44b18fe89210158d7431',
40 silly install resolved     _resolved: 'https://registry.npmjs.org/node-easel/-/node-easel-0.1.2.tgz' } ]
41 info install node-easel@0.1.2 into /Users/Drew/Desktop/class/cs_485/project/app
42 info installOne node-easel@0.1.2
43 verbose locking node-easel with /Users/Drew/.npm/_locks/node-easel-2b2d659bfa83d6e3.lock
44 warn engine node-easel@0.1.2: wanted: {"node":">= 0.8.0 && < 1.0.0"} (current: {"node":"0.10.32","npm":"2.1.2"})
45 verbose unbuild node_modules/node-easel
46 verbose gentlyRm vacuuming /Users/Drew/Desktop/class/cs_485/project/app/node_modules/node-easel
47 verbose tar unpack /Users/Drew/.npm/node-easel/0.1.2/package.tgz
48 verbose tar unpacking to /Users/Drew/Desktop/class/cs_485/project/app/node_modules/node-easel
49 verbose gentlyRm vacuuming /Users/Drew/Desktop/class/cs_485/project/app/node_modules/node-easel
50 silly gunzTarPerm modes [ '755', '644' ]
51 silly gunzTarPerm extractEntry package.json
52 silly gunzTarPerm extractEntry .npmignore
53 silly gunzTarPerm extractEntry README.md
54 silly gunzTarPerm extractEntry LICENSE
55 silly gunzTarPerm extractEntry stats.js
56 silly gunzTarPerm extractEntry HISTORY.md
57 silly gunzTarPerm extractEntry docs/Install node-canvas.md
58 silly gunzTarPerm extractEntry examples/package.json
59 silly gunzTarPerm extractEntry examples/README.md
60 silly gunzTarPerm extractEntry examples/GraphicsTest.js
61 silly gunzTarPerm extractEntry examples/SpriteSheetBuilderTest.js
62 silly gunzTarPerm extractEntry examples/SpritesheetTest.js
63 silly gunzTarPerm extractEntry examples/captcha.js
64 silly gunzTarPerm extractEntry examples/server.js
65 silly gunzTarPerm extractEntry examples/img/daisy.png
66 silly gunzTarPerm extractEntry examples/img/ground.png
67 silly gunzTarPerm extractEntry examples/img/parallaxHill1.png
68 silly gunzTarPerm extractEntry examples/img/parallaxHill2.png
69 silly gunzTarPerm extractEntry examples/img/runningGrant.png
70 silly gunzTarPerm extractEntry examples/img/sky.png
71 silly gunzTarPerm extractEntry examples/public/com/gskinner/utils/Rnd.js
72 silly gunzTarPerm extractEntry examples/public/easeljs/version.js
73 silly gunzTarPerm extractEntry examples/public/easeljs/version_movieclip.js
74 silly gunzTarPerm extractEntry examples/public/easeljs/display/Bitmap.js
75 silly gunzTarPerm extractEntry examples/public/easeljs/display/Container.js
76 silly gunzTarPerm extractEntry examples/public/easeljs/display/DOMElement.js
77 silly gunzTarPerm extractEntry examples/public/easeljs/display/DisplayObject.js
78 silly gunzTarPerm extractEntry examples/public/easeljs/display/Graphics.js
79 silly gunzTarPerm extractEntry examples/public/easeljs/display/BitmapAnimation.js
80 silly gunzTarPerm extractEntry examples/public/easeljs/display/Shadow.js
81 silly gunzTarPerm extractEntry examples/public/easeljs/display/Shape.js
82 silly gunzTarPerm extractEntry examples/public/easeljs/display/SpriteSheet.js
83 silly gunzTarPerm extractEntry examples/public/easeljs/display/Stage.js
84 silly gunzTarPerm extractEntry examples/public/easeljs/display/Text.js
85 silly gunzTarPerm extractEntry examples/public/easeljs/display/MovieClip.js
86 silly gunzTarPerm extractEntry examples/public/easeljs/events/EventDispatcher.js
87 silly gunzTarPerm extractEntry examples/public/easeljs/events/MouseEvent.js
88 silly gunzTarPerm extractEntry examples/public/easeljs/filters/AlphaMapFilter.js
89 silly gunzTarPerm extractEntry examples/public/easeljs/filters/AlphaMaskFilter.js
90 silly gunzTarPerm extractEntry examples/public/easeljs/filters/BoxBlurFilter.js
91 silly gunzTarPerm extractEntry examples/public/easeljs/filters/ColorFilter.js
92 silly gunzTarPerm extractEntry examples/public/easeljs/filters/ColorMatrix.js
93 silly gunzTarPerm extractEntry examples/public/easeljs/filters/ColorMatrixFilter.js
94 silly gunzTarPerm extractEntry examples/public/easeljs/filters/Filter.js
95 silly gunzTarPerm extractEntry examples/public/easeljs/geom/Matrix2D.js
96 silly gunzTarPerm extractEntry examples/public/easeljs/geom/Point.js
97 silly gunzTarPerm extractEntry examples/public/easeljs/geom/Rectangle.js
98 silly gunzTarPerm extractEntry examples/public/easeljs/ui/ButtonHelper.js
99 silly gunzTarPerm extractEntry examples/public/easeljs/ui/Touch.js
100 silly gunzTarPerm extractEntry examples/public/easeljs/utils/Log.js
101 silly gunzTarPerm extractEntry examples/public/easeljs/utils/SpriteSheetBuilder.js
102 silly gunzTarPerm extractEntry examples/public/easeljs/utils/SpriteSheetUtils.js
103 silly gunzTarPerm extractEntry examples/public/easeljs/utils/Ticker.js
104 silly gunzTarPerm extractEntry examples/public/easeljs/utils/UID.js
105 silly gunzTarPerm extractEntry examples/public/index.html
106 silly gunzTarPerm extractEntry src/node-easel.js
107 silly gunzTarPerm extractEntry src/createjs/events/Event.js
108 silly gunzTarPerm extractEntry src/createjs/events/EventDispatcher.js
109 silly gunzTarPerm extractEntry src/createjs/utils/IndexOf.js
110 silly gunzTarPerm extractEntry src/easeljs/version.js
111 silly gunzTarPerm extractEntry src/easeljs/version_movieclip.js
112 silly gunzTarPerm extractEntry src/easeljs/display/Bitmap.js
113 silly gunzTarPerm extractEntry src/easeljs/display/Container.js
114 silly gunzTarPerm extractEntry src/easeljs/display/DisplayObject.js
115 silly gunzTarPerm extractEntry src/easeljs/display/Graphics.js
116 silly gunzTarPerm extractEntry src/easeljs/display/BitmapText.js
117 silly gunzTarPerm extractEntry src/easeljs/display/Shadow.js
118 silly gunzTarPerm extractEntry src/easeljs/display/Shape.js
119 silly gunzTarPerm extractEntry src/easeljs/display/Sprite.js
120 silly gunzTarPerm extractEntry src/easeljs/display/SpriteSheet.js
121 silly gunzTarPerm extractEntry src/easeljs/display/Stage.js
122 silly gunzTarPerm extractEntry src/easeljs/display/BitmapAnimation.js
123 silly gunzTarPerm extractEntry src/easeljs/display/Text.js
124 silly gunzTarPerm extractEntry src/easeljs/display/MovieClip.js
125 silly gunzTarPerm extractEntry src/easeljs/events/MouseEvent.js
126 silly gunzTarPerm extractEntry src/easeljs/filters/AlphaMapFilter.js
127 silly gunzTarPerm extractEntry src/easeljs/filters/AlphaMaskFilter.js
128 silly gunzTarPerm extractEntry src/easeljs/filters/BlurFilter.js
129 silly gunzTarPerm extractEntry src/easeljs/filters/ColorFilter.js
130 silly gunzTarPerm extractEntry src/easeljs/filters/ColorMatrix.js
131 silly gunzTarPerm extractEntry src/easeljs/filters/ColorMatrixFilter.js
132 silly gunzTarPerm extractEntry src/easeljs/filters/Filter.js
133 silly gunzTarPerm extractEntry src/easeljs/geom/Matrix2D.js
134 silly gunzTarPerm extractEntry src/easeljs/geom/Point.js
135 silly gunzTarPerm extractEntry src/easeljs/geom/Rectangle.js
136 silly gunzTarPerm extractEntry src/easeljs/utils/SpriteSheetBuilder.js
137 silly gunzTarPerm extractEntry src/easeljs/utils/SpriteSheetUtils.js
138 silly gunzTarPerm extractEntry src/easeljs/utils/Ticker.js
139 silly gunzTarPerm extractEntry src/easeljs/utils/UID.js
140 silly gunzTarPerm extractEntry src/tweenjs/CSSPlugin.js
141 silly gunzTarPerm extractEntry src/tweenjs/Ease.js
142 silly gunzTarPerm extractEntry src/tweenjs/MotionGuidePlugin.js
143 silly gunzTarPerm extractEntry src/tweenjs/Timeline.js
144 silly gunzTarPerm extractEntry src/tweenjs/Tween.js
145 silly gunzTarPerm extractEntry src/tweenjs/version.js
146 info preinstall node-easel@0.1.2
147 silly cache add args [ 'canvas@1.x', null ]
148 verbose cache add spec canvas@1.x
149 silly cache add parsed spec { raw: 'canvas@1.x',
149 silly cache add   scope: null,
149 silly cache add   name: 'canvas',
149 silly cache add   rawSpec: '1.x',
149 silly cache add   spec: '>=1.0.0 <2.0.0',
149 silly cache add   type: 'range' }
150 silly addNonLocal parsed spec { raw: 'canvas@1.x',
150 silly addNonLocal   scope: null,
150 silly addNonLocal   name: 'canvas',
150 silly addNonLocal   rawSpec: '1.x',
150 silly addNonLocal   spec: '>=1.0.0 <2.0.0',
150 silly addNonLocal   type: 'range' }
151 verbose addNamed canvas@>=1.0.0 <2.0.0
152 silly addNamed semver.valid null
153 silly addNamed semver.validRange >=1.0.0 <2.0.0
154 silly addNameRange { name: 'canvas', range: '>=1.0.0 <2.0.0', hasData: false }
155 verbose mapToRegistry name canvas
156 verbose mapToRegistry uri https://registry.npmjs.org/canvas
157 verbose request on initialization, where is /canvas
158 verbose request after pass 1, where is /canvas
159 verbose request url raw /canvas
160 verbose request resolving registry [ 'https://registry.npmjs.org/', './canvas' ]
161 verbose request after pass 2, where is https://registry.npmjs.org/canvas
162 verbose request no auth needed
163 info attempt registry request try #1 at 00:10:44
164 http request GET https://registry.npmjs.org/canvas
165 http 200 https://registry.npmjs.org/canvas
166 silly registry.get cb [ 200,
166 silly registry.get   { server: 'CouchDB/1.5.0 (Erlang OTP/R16B03)',
166 silly registry.get     etag: '"8W4D1ST7QSUEGDV2Y4VEAT0QD"',
166 silly registry.get     'content-type': 'application/json',
166 silly registry.get     'cache-control': 'max-age=60',
166 silly registry.get     'content-length': '66350',
166 silly registry.get     'accept-ranges': 'bytes',
166 silly registry.get     date: 'Thu, 21 May 2015 04:10:43 GMT',
166 silly registry.get     via: '1.1 varnish',
166 silly registry.get     age: '0',
166 silly registry.get     connection: 'keep-alive',
166 silly registry.get     'x-served-by': 'cache-iad2137-IAD',
166 silly registry.get     'x-cache': 'MISS',
166 silly registry.get     'x-cache-hits': '0',
166 silly registry.get     'x-timer': 'S1432181443.111132,VS0,VE353',
166 silly registry.get     vary: 'Accept' } ]
167 silly addNameRange number 2 { name: 'canvas', range: '>=1.0.0 <2.0.0', hasData: true }
168 silly addNameRange versions [ 'canvas',
168 silly addNameRange   [ '0.0.1',
168 silly addNameRange     '0.0.2',
168 silly addNameRange     '0.0.3',
168 silly addNameRange     '0.0.4',
168 silly addNameRange     '0.0.5',
168 silly addNameRange     '0.0.6',
168 silly addNameRange     '0.0.7',
168 silly addNameRange     '0.0.8',
168 silly addNameRange     '0.1.0',
168 silly addNameRange     '0.2.0',
168 silly addNameRange     '0.2.1',
168 silly addNameRange     '0.3.0',
168 silly addNameRange     '0.3.1',
168 silly addNameRange     '0.3.2',
168 silly addNameRange     '0.3.3',
168 silly addNameRange     '0.4.0',
168 silly addNameRange     '0.4.1',
168 silly addNameRange     '0.4.2',
168 silly addNameRange     '0.4.3',
168 silly addNameRange     '0.5.0',
168 silly addNameRange     '0.5.1',
168 silly addNameRange     '0.5.2',
168 silly addNameRange     '0.5.3',
168 silly addNameRange     '0.5.4',
168 silly addNameRange     '0.6.0',
168 silly addNameRange     '0.7.0',
168 silly addNameRange     '0.7.1',
168 silly addNameRange     '0.7.2',
168 silly addNameRange     '0.7.3',
168 silly addNameRange     '0.8.0',
168 silly addNameRange     '0.8.1',
168 silly addNameRange     '0.8.2',
168 silly addNameRange     '0.8.3',
168 silly addNameRange     '0.9.0',
168 silly addNameRange     '0.10.0',
168 silly addNameRange     '0.10.1',
168 silly addNameRange     '0.10.2',
168 silly addNameRange     '0.10.3',
168 silly addNameRange     '0.11.0',
168 silly addNameRange     '0.11.1',
168 silly addNameRange     '0.11.2',
168 silly addNameRange     '0.11.3',
168 silly addNameRange     '0.12.0',
168 silly addNameRange     '0.12.1',
168 silly addNameRange     '0.13.0',
168 silly addNameRange     '0.13.1',
168 silly addNameRange     '1.0.0',
168 silly addNameRange     '1.0.1',
168 silly addNameRange     '1.0.2',
168 silly addNameRange     '1.0.3',
168 silly addNameRange     '1.0.4',
168 silly addNameRange     '1.1.0',
168 silly addNameRange     '1.1.1',
168 silly addNameRange     '1.1.2',
168 silly addNameRange     '1.1.3',
168 silly addNameRange     '1.1.4',
168 silly addNameRange     '1.1.5',
168 silly addNameRange     '1.1.6',
168 silly addNameRange     '1.2.0',
168 silly addNameRange     '1.2.1',
168 silly addNameRange     '1.2.2' ] ]
169 verbose addNamed canvas@1.2.2
170 silly addNamed semver.valid 1.2.2
171 silly addNamed semver.validRange 1.2.2
172 verbose addRemoteTarball [ 'https://registry.npmjs.org/canvas/-/canvas-1.2.2.tgz',
172 verbose addRemoteTarball   '127a4941d31ef19c10e203120ec9c6f0bec9349b' ]
173 info retry fetch attempt 1 at 00:10:44
174 info attempt registry request try #1 at 00:10:44
175 http fetch GET https://registry.npmjs.org/canvas/-/canvas-1.2.2.tgz
176 http fetch 200 https://registry.npmjs.org/canvas/-/canvas-1.2.2.tgz
177 silly fetchAndShaCheck shasum 127a4941d31ef19c10e203120ec9c6f0bec9349b
178 verbose addTmpTarball already have metadata; skipping unpack
179 silly install resolved [ { name: 'canvas',
179 silly install resolved     description: 'Canvas graphics API backed by Cairo',
179 silly install resolved     version: '1.2.2',
179 silly install resolved     author: { name: 'TJ Holowaychuk', email: 'tj@learnboost.com' },
179 silly install resolved     contributors: [ [Object], [Object], [Object] ],
179 silly install resolved     keywords:
179 silly install resolved      [ 'canvas',
179 silly install resolved        'graphic',
179 silly install resolved        'graphics',
179 silly install resolved        'pixman',
179 silly install resolved        'cairo',
179 silly install resolved        'image',
179 silly install resolved        'images',
179 silly install resolved        'pdf' ],
179 silly install resolved     homepage: 'https://github.com/learnboost/node-canvas',
179 silly install resolved     repository: { type: 'git', url: 'git://github.com/learnboost/node-canvas' },
179 silly install resolved     scripts: { test: 'make test', install: 'node-gyp rebuild' },
179 silly install resolved     dependencies: { nan: '~1.5.1' },
179 silly install resolved     devDependencies: { express: '3.0', jade: '0.28.1', mocha: '*', should: '*' },
179 silly install resolved     engines: { node: '>= 0.6.0' },
179 silly install resolved     main: './lib/canvas.js',
179 silly install resolved     gypfile: true,
179 silly install resolved     gitHead: '9575a8f3df93e7b5aa1f1c4c3a0a36b48a3002a3',
179 silly install resolved     bugs: { url: 'https://github.com/learnboost/node-canvas/issues' },
179 silly install resolved     _id: 'canvas@1.2.2',
179 silly install resolved     _shasum: '127a4941d31ef19c10e203120ec9c6f0bec9349b',
179 silly install resolved     _from: 'canvas@>=1.0.0 <2.0.0',
179 silly install resolved     _npmVersion: '2.7.4',
179 silly install resolved     _nodeVersion: '0.12.2',
179 silly install resolved     _npmUser: { name: 'tootallnate', email: 'nathan@tootallnate.net' },
179 silly install resolved     maintainers: [ [Object], [Object], [Object], [Object], [Object] ],
179 silly install resolved     dist:
179 silly install resolved      { shasum: '127a4941d31ef19c10e203120ec9c6f0bec9349b',
179 silly install resolved        tarball: 'http://registry.npmjs.org/canvas/-/canvas-1.2.2.tgz' },
179 silly install resolved     directories: {},
179 silly install resolved     _resolved: 'https://registry.npmjs.org/canvas/-/canvas-1.2.2.tgz' } ]
180 info install canvas@1.2.2 into /Users/Drew/Desktop/class/cs_485/project/app/node_modules/node-easel
181 info installOne canvas@1.2.2
182 verbose locking canvas with /Users/Drew/.npm/_locks/canvas-8f780dfa865b1878.lock
183 verbose unbuild node_modules/node-easel/node_modules/canvas
184 verbose gentlyRm vacuuming /Users/Drew/Desktop/class/cs_485/project/app/node_modules/node-easel/node_modules/canvas
185 verbose tar unpack /Users/Drew/.npm/canvas/1.2.2/package.tgz
186 verbose tar unpacking to /Users/Drew/Desktop/class/cs_485/project/app/node_modules/node-easel/node_modules/canvas
187 verbose gentlyRm vacuuming /Users/Drew/Desktop/class/cs_485/project/app/node_modules/node-easel/node_modules/canvas
188 silly gunzTarPerm modes [ '755', '644' ]
189 silly gunzTarPerm extractEntry package.json
190 silly gunzTarPerm extractEntry .npmignore
191 silly gunzTarPerm extractEntry index.js
192 silly gunzTarPerm extractEntry binding.gyp
193 silly gunzTarPerm extractEntry Makefile
194 silly gunzTarPerm extractEntry Readme.md
195 silly gunzTarPerm extractEntry .gitmodules
196 silly gunzTarPerm extractEntry .travis.yml
197 silly gunzTarPerm extractEntry install
198 silly gunzTarPerm extractEntry lib/bindings.js
199 silly gunzTarPerm extractEntry lib/canvas.js
200 silly gunzTarPerm extractEntry lib/context2d.js
201 silly gunzTarPerm extractEntry lib/image.js
202 silly gunzTarPerm extractEntry lib/jpegstream.js
203 silly gunzTarPerm extractEntry lib/pixelarray.js
204 silly gunzTarPerm extractEntry lib/pngstream.js
205 silly gunzTarPerm extractEntry History.md
206 silly gunzTarPerm extractEntry src/Image.h
207 silly gunzTarPerm extractEntry src/Canvas.cc
208 silly gunzTarPerm extractEntry src/CanvasGradient.cc
209 silly gunzTarPerm extractEntry src/CanvasGradient.h
210 silly gunzTarPerm extractEntry src/CanvasPattern.cc
211 silly gunzTarPerm extractEntry src/CanvasPattern.h
212 silly gunzTarPerm extractEntry src/CanvasRenderingContext2d.cc
213 silly gunzTarPerm extractEntry src/CanvasRenderingContext2d.h
214 silly gunzTarPerm extractEntry src/FontFace.cc
215 silly gunzTarPerm extractEntry src/FontFace.h
216 silly gunzTarPerm extractEntry src/Image.cc
217 silly gunzTarPerm extractEntry src/Canvas.h
218 silly gunzTarPerm extractEntry src/ImageData.cc
219 silly gunzTarPerm extractEntry src/ImageData.h
220 silly gunzTarPerm extractEntry src/JPEGStream.h
221 silly gunzTarPerm extractEntry src/PNG.h
222 silly gunzTarPerm extractEntry src/PixelArray.cc
223 silly gunzTarPerm extractEntry src/PixelArray.h
224 silly gunzTarPerm extractEntry src/Point.h
225 silly gunzTarPerm extractEntry src/closure.h
226 silly gunzTarPerm extractEntry src/color.cc
227 silly gunzTarPerm extractEntry src/color.h
228 silly gunzTarPerm extractEntry src/init.cc
229 silly gunzTarPerm extractEntry util/cairo_include.sh
230 silly gunzTarPerm extractEntry util/has_cairo_freetype.sh
231 silly gunzTarPerm extractEntry util/has_lib.sh
232 silly gunzTarPerm extractEntry util/lib_lookup.sh
233 info preinstall canvas@1.2.2
234 silly cache add args [ 'nan@~1.5.1', null ]
235 verbose cache add spec nan@~1.5.1
236 silly cache add parsed spec { raw: 'nan@~1.5.1',
236 silly cache add   scope: null,
236 silly cache add   name: 'nan',
236 silly cache add   rawSpec: '~1.5.1',
236 silly cache add   spec: '>=1.5.1 <1.6.0',
236 silly cache add   type: 'range' }
237 silly addNonLocal parsed spec { raw: 'nan@~1.5.1',
237 silly addNonLocal   scope: null,
237 silly addNonLocal   name: 'nan',
237 silly addNonLocal   rawSpec: '~1.5.1',
237 silly addNonLocal   spec: '>=1.5.1 <1.6.0',
237 silly addNonLocal   type: 'range' }
238 verbose addNamed nan@>=1.5.1 <1.6.0
239 silly addNamed semver.valid null
240 silly addNamed semver.validRange >=1.5.1 <1.6.0
241 silly addNameRange { name: 'nan', range: '>=1.5.1 <1.6.0', hasData: false }
242 verbose mapToRegistry name nan
243 verbose mapToRegistry uri https://registry.npmjs.org/nan
244 verbose request on initialization, where is /nan
245 verbose request after pass 1, where is /nan
246 verbose request url raw /nan
247 verbose request resolving registry [ 'https://registry.npmjs.org/', './nan' ]
248 verbose request after pass 2, where is https://registry.npmjs.org/nan
249 verbose request no auth needed
250 info attempt registry request try #1 at 00:10:45
251 verbose etag "7JTAFTT71FV9DLTN8XVGPWXVL"
252 http request GET https://registry.npmjs.org/nan
253 http 200 https://registry.npmjs.org/nan
254 silly registry.get cb [ 200,
254 silly registry.get   { server: 'CouchDB/1.5.0 (Erlang OTP/R16B03)',
254 silly registry.get     etag: '"560ZHVEP0DOKC8XVXCA3VTZHE"',
254 silly registry.get     'content-type': 'application/json',
254 silly registry.get     'cache-control': 'max-age=60',
254 silly registry.get     'content-length': '109502',
254 silly registry.get     'accept-ranges': 'bytes',
254 silly registry.get     date: 'Thu, 21 May 2015 04:10:43 GMT',
254 silly registry.get     via: '1.1 varnish',
254 silly registry.get     age: '46',
254 silly registry.get     connection: 'keep-alive',
254 silly registry.get     'x-served-by': 'cache-iad2138-IAD',
254 silly registry.get     'x-cache': 'HIT',
254 silly registry.get     'x-cache-hits': '1',
254 silly registry.get     'x-timer': 'S1432181443.932971,VS0,VE0',
254 silly registry.get     vary: 'Accept' } ]
255 silly addNameRange number 2 { name: 'nan', range: '>=1.5.1 <1.6.0', hasData: true }
256 silly addNameRange versions [ 'nan',
256 silly addNameRange   [ '0.3.0-wip',
256 silly addNameRange     '0.3.0-wip2',
256 silly addNameRange     '0.3.0',
256 silly addNameRange     '0.3.1',
256 silly addNameRange     '0.3.2',
256 silly addNameRange     '0.4.0',
256 silly addNameRange     '0.4.1',
256 silly addNameRange     '0.4.2',
256 silly addNameRange     '0.4.3',
256 silly addNameRange     '0.4.4',
256 silly addNameRange     '0.5.0',
256 silly addNameRange     '0.5.1',
256 silly addNameRange     '0.5.2',
256 silly addNameRange     '0.6.0',
256 silly addNameRange     '0.7.0',
256 silly addNameRange     '0.7.1',
256 silly addNameRange     '0.8.0',
256 silly addNameRange     '1.0.0',
256 silly addNameRange     '1.1.0',
256 silly addNameRange     '1.1.1',
256 silly addNameRange     '1.1.2',
256 silly addNameRange     '1.2.0',
256 silly addNameRange     '1.3.0',
256 silly addNameRange     '1.4.0',
256 silly addNameRange     '1.4.1',
256 silly addNameRange     '1.5.0',
256 silly addNameRange     '1.4.2',
256 silly addNameRange     '1.4.3',
256 silly addNameRange     '1.5.1',
256 silly addNameRange     '1.5.2',
256 silly addNameRange     '1.6.0',
256 silly addNameRange     '1.5.3',
256 silly addNameRange     '1.6.1',
256 silly addNameRange     '1.6.2',
256 silly addNameRange     '1.7.0',
256 silly addNameRange     '1.8.0',
256 silly addNameRange     '1.8.1',
256 silly addNameRange     '1.8.2',
256 silly addNameRange     '1.8.3',
256 silly addNameRange     '1.8.4' ] ]
257 verbose addNamed nan@1.5.3
258 silly addNamed semver.valid 1.5.3
259 silly addNamed semver.validRange 1.5.3
260 silly install resolved [ { name: 'nan',
260 silly install resolved     version: '1.5.3',
260 silly install resolved     description: 'Native Abstractions for Node.js: C++ header for Node 0.8->0.12 compatibility',
260 silly install resolved     main: 'include_dirs.js',
260 silly install resolved     repository: { type: 'git', url: 'git://github.com/rvagg/nan.git' },
260 silly install resolved     scripts:
260 silly install resolved      { test: 'tap --gc test/js/*-test.js',
260 silly install resolved        'rebuild-tests': 'node-gyp rebuild --directory test' },
260 silly install resolved     contributors:
260 silly install resolved      [ [Object],
260 silly install resolved        [Object],
260 silly install resolved        [Object],
260 silly install resolved        [Object],
260 silly install resolved        [Object],
260 silly install resolved        [Object],
260 silly install resolved        [Object] ],
260 silly install resolved     devDependencies:
260 silly install resolved      { bindings: '~1.2.1',
260 silly install resolved        'node-gyp': '~1.0.2',
260 silly install resolved        tap: '~0.5.0',
260 silly install resolved        xtend: '~4.0.0' },
260 silly install resolved     license: 'MIT',
260 silly install resolved     gitHead: '28ea7e1b769f790c69deaf141b47e4d41e176e8b',
260 silly install resolved     bugs: { url: 'https://github.com/rvagg/nan/issues' },
260 silly install resolved     homepage: 'https://github.com/rvagg/nan',
260 silly install resolved     _id: 'nan@1.5.3',
260 silly install resolved     _shasum: '4cd0ecc133b7b0700a492a646add427ae8a318eb',
260 silly install resolved     _from: 'nan@>=1.5.1 <1.6.0',
260 silly install resolved     _npmVersion: '2.1.18',
260 silly install resolved     _nodeVersion: '1.0.3',
260 silly install resolved     _npmUser: { name: 'rvagg', email: 'rod@vagg.org' },
260 silly install resolved     maintainers: [ [Object], [Object] ],
260 silly install resolved     dist:
260 silly install resolved      { shasum: '4cd0ecc133b7b0700a492a646add427ae8a318eb',
260 silly install resolved        tarball: 'http://registry.npmjs.org/nan/-/nan-1.5.3.tgz' },
260 silly install resolved     directories: {},
260 silly install resolved     _resolved: 'https://registry.npmjs.org/nan/-/nan-1.5.3.tgz',
260 silly install resolved     readme: 'ERROR: No README data found!' } ]
261 info install nan@1.5.3 into /Users/Drew/Desktop/class/cs_485/project/app/node_modules/node-easel/node_modules/canvas
262 info installOne nan@1.5.3
263 verbose locking nan with /Users/Drew/.npm/_locks/nan-326029827624d71d.lock
264 verbose unbuild node_modules/node-easel/node_modules/canvas/node_modules/nan
265 verbose gentlyRm vacuuming /Users/Drew/Desktop/class/cs_485/project/app/node_modules/node-easel/node_modules/canvas/node_modules/nan
266 verbose tar unpack /Users/Drew/.npm/nan/1.5.3/package.tgz
267 verbose tar unpacking to /Users/Drew/Desktop/class/cs_485/project/app/node_modules/node-easel/node_modules/canvas/node_modules/nan
268 verbose gentlyRm vacuuming /Users/Drew/Desktop/class/cs_485/project/app/node_modules/node-easel/node_modules/canvas/node_modules/nan
269 silly gunzTarPerm modes [ '755', '644' ]
270 silly gunzTarPerm extractEntry package.json
271 silly gunzTarPerm modified mode [ 'package.json', 436, 420 ]
272 silly gunzTarPerm extractEntry README.md
273 silly gunzTarPerm modified mode [ 'README.md', 436, 420 ]
274 silly gunzTarPerm extractEntry include_dirs.js
275 silly gunzTarPerm extractEntry LICENSE.md
276 silly gunzTarPerm modified mode [ 'LICENSE.md', 436, 420 ]
277 silly gunzTarPerm extractEntry .dntrc
278 silly gunzTarPerm modified mode [ '.dntrc', 436, 420 ]
279 silly gunzTarPerm extractEntry appveyor.yml
280 silly gunzTarPerm modified mode [ 'appveyor.yml', 436, 420 ]
281 silly gunzTarPerm extractEntry nan.h
282 silly gunzTarPerm modified mode [ 'nan.h', 436, 420 ]
283 silly gunzTarPerm extractEntry nan_implementation_12_inl.h
284 silly gunzTarPerm modified mode [ 'nan_implementation_12_inl.h', 436, 420 ]
285 silly gunzTarPerm extractEntry nan_implementation_pre_12_inl.h
286 silly gunzTarPerm modified mode [ 'nan_implementation_pre_12_inl.h', 436, 420 ]
287 silly gunzTarPerm extractEntry nan_new.h
288 silly gunzTarPerm modified mode [ 'nan_new.h', 436, 420 ]
289 silly gunzTarPerm extractEntry CHANGELOG.md
290 silly gunzTarPerm modified mode [ 'CHANGELOG.md', 436, 420 ]
291 info preinstall nan@1.5.3
292 silly install resolved []
293 verbose about to build /Users/Drew/Desktop/class/cs_485/project/app/node_modules/node-easel/node_modules/canvas/node_modules/nan
294 info build /Users/Drew/Desktop/class/cs_485/project/app/node_modules/node-easel/node_modules/canvas/node_modules/nan
295 verbose linkStuff [ false,
295 verbose linkStuff   false,
295 verbose linkStuff   false,
295 verbose linkStuff   '/Users/Drew/Desktop/class/cs_485/project/app/node_modules/node-easel/node_modules/canvas/node_modules' ]
296 info linkStuff nan@1.5.3
297 verbose linkBins nan@1.5.3
298 verbose linkMans nan@1.5.3
299 verbose rebuildBundles nan@1.5.3
300 info install nan@1.5.3
301 info postinstall nan@1.5.3
302 verbose unlocking nan from /Users/Drew/.npm/_locks/nan-326029827624d71d.lock
303 verbose about to build /Users/Drew/Desktop/class/cs_485/project/app/node_modules/node-easel/node_modules/canvas
304 info build /Users/Drew/Desktop/class/cs_485/project/app/node_modules/node-easel/node_modules/canvas
305 verbose linkStuff [ false,
305 verbose linkStuff   false,
305 verbose linkStuff   false,
305 verbose linkStuff   '/Users/Drew/Desktop/class/cs_485/project/app/node_modules/node-easel/node_modules' ]
306 info linkStuff canvas@1.2.2
307 verbose linkBins canvas@1.2.2
308 verbose linkMans canvas@1.2.2
309 verbose rebuildBundles canvas@1.2.2
310 verbose rebuildBundles [ 'nan' ]
311 info install canvas@1.2.2
312 verbose unsafe-perm in lifecycle true
313 info canvas@1.2.2 Failed to exec install script
314 verbose unlocking canvas from /Users/Drew/.npm/_locks/canvas-8f780dfa865b1878.lock
315 verbose about to build /Users/Drew/Desktop/class/cs_485/project/app/node_modules/node-easel
316 verbose unlocking node-easel from /Users/Drew/.npm/_locks/node-easel-2b2d659bfa83d6e3.lock
317 verbose stack Error: canvas@1.2.2 install: `node-gyp rebuild`
317 verbose stack Exit status 1
317 verbose stack     at ChildProcess.<anonymous> (/usr/local/lib/node_modules/npm/lib/utils/lifecycle.js:212:16)
317 verbose stack     at ChildProcess.emit (events.js:98:17)
317 verbose stack     at maybeClose (child_process.js:756:16)
317 verbose stack     at Process.ChildProcess._handle.onexit (child_process.js:823:5)
318 verbose pkgid canvas@1.2.2
319 verbose cwd /Users/Drew/Desktop/class/cs_485/project/app/js
320 error Darwin 14.0.0
321 error argv "node" "/usr/local/bin/npm" "install" "--save" "node-easel"
322 error node v0.10.32
323 error npm  v2.1.2
324 error code ELIFECYCLE
325 error canvas@1.2.2 install: `node-gyp rebuild`
325 error Exit status 1
326 error Failed at the canvas@1.2.2 install script.
326 error This is most likely a problem with the canvas package,
326 error not with npm itself.
326 error Tell the author that this fails on your system:
326 error     node-gyp rebuild
326 error You can get their info via:
326 error     npm owner ls canvas
326 error There is likely additional logging output above.
327 verbose exit [ 1, true ]
328 verbose unbuild node_modules/node-easel/node_modules/canvas
329 info preuninstall canvas@1.2.2
330 info uninstall canvas@1.2.2
331 verbose unbuild rmStuff canvas@1.2.2 from /Users/Drew/Desktop/class/cs_485/project/app/node_modules
332 verbose unbuild rmStuff in /Users/Drew/Desktop/class/cs_485/project/app/node_modules/node-easel/node_modules
333 info postuninstall canvas@1.2.2
334 verbose gentlyRm vacuuming /Users/Drew/Desktop/class/cs_485/project/app/node_modules/node-easel/node_modules/canvas
335 silly gentlyRm purging /Users/Drew/Desktop/class/cs_485/project/app/node_modules/node-easel/node_modules/canvas
336 silly gentlyRm removing /Users/Drew/Desktop/class/cs_485/project/app/node_modules/node-easel/node_modules
337 silly gentlyRm quitting because other entries in /Users/Drew/Desktop/class/cs_485/project/app/node_modules/node-easel
338 verbose unbuild node_modules/node-easel
339 info preuninstall node-easel@0.1.2
340 info uninstall node-easel@0.1.2
341 verbose unbuild rmStuff node-easel@0.1.2 from /Users/Drew/Desktop/class/cs_485/project/app/node_modules
342 info postuninstall node-easel@0.1.2
343 verbose gentlyRm vacuuming /Users/Drew/Desktop/class/cs_485/project/app/node_modules/node-easel
344 silly gentlyRm purging /Users/Drew/Desktop/class/cs_485/project/app/node_modules/node-easel
345 silly gentlyRm quitting because other entries in /Users/Drew/Desktop/class/cs_485/project/app/node_modules
